2025-06-01T17:52:17.606+05:00  INFO 14108 --- [web-security-shield] [SpringApplicationShutdownHook] o.s.b.w.e.tomcat.GracefulShutdown        : Commencing graceful shutdown. Waiting for active requests to complete
2025-06-01T17:52:19.182+05:00  INFO 14108 --- [web-security-shield] [tomcat-shutdown] o.s.b.w.e.tomcat.GracefulShutdown        : Graceful shutdown complete
2025-06-01T17:52:19.216+05:00  INFO 14108 --- [web-security-shield] [SpringApplicationShutdownHook] j.LocalContainerEntityManagerFactoryBean : Closing JPA EntityManagerFactory for persistence unit 'default'
2025-06-01T17:52:19.285+05:00  INFO 14108 --- [web-security-shield] [SpringApplicationShutdownHook] com.zaxxer.hikari.HikariDataSource       : HikariPool-1 - Shutdown initiated...
2025-06-01T17:52:19.298+05:00  INFO 14108 --- [web-security-shield] [SpringApplicationShutdownHook] com.zaxxer.hikari.HikariDataSource       : HikariPool-1 - Shutdown completed.
2025-06-01T17:52:19.309+05:00  INFO 14108 --- [web-security-shield] [SpringApplicationShutdownHook] u.e.s.w.security.RateLimitFilter         : Rate Limit Filter to'xtatildi
2025-06-01T17:52:19.310+05:00  INFO 14108 --- [web-security-shield] [SpringApplicationShutdownHook] u.e.s.w.security.SQLInjectionFilter      : SQL Injection Protection Filter to'xtatildi
2025-06-01T17:52:19.310+05:00  INFO 14108 --- [web-security-shield] [SpringApplicationShutdownHook] u.e.s.w.security.XSSProtectionFilter     : XSS Protection Filter to'xtatildi
2025-06-01T17:52:27.107+05:00  INFO 6476 --- [web-security-shield] [main] u.e.s.w.WebSecurityShieldApplication     : Starting WebSecurityShieldApplication using Java 20.0.1 with PID 6476 (D:\Sambhram\web-security-shield\build\classes\java\main started by Shohruh in D:\Sambhram\web-security-shield)
2025-06-01T17:52:27.109+05:00 DEBUG 6476 --- [web-security-shield] [main] u.e.s.w.WebSecurityShieldApplication     : Running with Spring Boot v3.5.0, Spring v6.2.7
2025-06-01T17:52:27.111+05:00  INFO 6476 --- [web-security-shield] [main] u.e.s.w.WebSecurityShieldApplication     : No active profile set, falling back to 1 default profile: "default"
2025-06-01T17:52:28.807+05:00  INFO 6476 --- [web-security-shield] [main] .s.d.r.c.RepositoryConfigurationDelegate : Multiple Spring Data modules found, entering strict repository configuration mode
2025-06-01T17:52:28.809+05:00  INFO 6476 --- [web-security-shield] [main] .s.d.r.c.RepositoryConfigurationDelegate : Bootstrapping Spring Data JDBC repositories in DEFAULT mode.
2025-06-01T17:52:28.867+05:00  INFO 6476 --- [web-security-shield] [main] .RepositoryConfigurationExtensionSupport : Spring Data JDBC - Could not safely identify store assignment for repository candidate interface uz.edu.security.websecurityshield.repository.BlockedIPRepository; If you want this repository to be a JDBC repository, consider annotating your entities with one of these annotations: org.springframework.data.relational.core.mapping.Table.
2025-06-01T17:52:28.870+05:00  INFO 6476 --- [web-security-shield] [main] .RepositoryConfigurationExtensionSupport : Spring Data JDBC - Could not safely identify store assignment for repository candidate interface uz.edu.security.websecurityshield.repository.SecurityLogRepository; If you want this repository to be a JDBC repository, consider annotating your entities with one of these annotations: org.springframework.data.relational.core.mapping.Table.
2025-06-01T17:52:28.872+05:00  INFO 6476 --- [web-security-shield] [main] .RepositoryConfigurationExtensionSupport : Spring Data JDBC - Could not safely identify store assignment for repository candidate interface uz.edu.security.websecurityshield.repository.UserRepository; If you want this repository to be a JDBC repository, consider annotating your entities with one of these annotations: org.springframework.data.relational.core.mapping.Table.
2025-06-01T17:52:28.873+05:00  INFO 6476 --- [web-security-shield] [main] .s.d.r.c.RepositoryConfigurationDelegate : Finished Spring Data repository scanning in 53 ms. Found 0 JDBC repository interfaces.
2025-06-01T17:52:28.888+05:00  INFO 6476 --- [web-security-shield] [main] .s.d.r.c.RepositoryConfigurationDelegate : Multiple Spring Data modules found, entering strict repository configuration mode
2025-06-01T17:52:28.889+05:00  INFO 6476 --- [web-security-shield] [main] .s.d.r.c.RepositoryConfigurationDelegate : Bootstrapping Spring Data JPA repositories in DEFAULT mode.
2025-06-01T17:52:28.943+05:00  INFO 6476 --- [web-security-shield] [main] .s.d.r.c.RepositoryConfigurationDelegate : Finished Spring Data repository scanning in 44 ms. Found 3 JPA repository interfaces.
2025-06-01T17:52:29.837+05:00  INFO 6476 --- [web-security-shield] [main] o.s.b.w.embedded.tomcat.TomcatWebServer  : Tomcat initialized with port 8080 (http)
2025-06-01T17:52:29.857+05:00  INFO 6476 --- [web-security-shield] [main] o.apache.catalina.core.StandardService   : Starting service [Tomcat]
2025-06-01T17:52:29.857+05:00  INFO 6476 --- [web-security-shield] [main] o.apache.catalina.core.StandardEngine    : Starting Servlet engine: [Apache Tomcat/10.1.41]
2025-06-01T17:52:29.974+05:00  INFO 6476 --- [web-security-shield] [main] o.a.c.c.C.[Tomcat].[localhost].[/]       : Initializing Spring embedded WebApplicationContext
2025-06-01T17:52:29.975+05:00  INFO 6476 --- [web-security-shield] [main] w.s.c.ServletWebServerApplicationContext : Root WebApplicationContext: initialization completed in 2788 ms
2025-06-01T17:52:30.366+05:00  INFO 6476 --- [web-security-shield] [main] o.hibernate.jpa.internal.util.LogHelper  : HHH000204: Processing PersistenceUnitInfo [name: default]
2025-06-01T17:52:30.457+05:00  INFO 6476 --- [web-security-shield] [main] org.hibernate.Version                    : HHH000412: Hibernate ORM core version 6.6.15.Final
2025-06-01T17:52:30.521+05:00  INFO 6476 --- [web-security-shield] [main] o.h.c.internal.RegionFactoryInitiator    : HHH000026: Second-level cache disabled
2025-06-01T17:52:31.008+05:00  INFO 6476 --- [web-security-shield] [main] o.s.o.j.p.SpringPersistenceUnitInfo      : No LoadTimeWeaver setup: ignoring JPA class transformer
2025-06-01T17:52:31.085+05:00  INFO 6476 --- [web-security-shield] [main] com.zaxxer.hikari.HikariDataSource       : HikariPool-1 - Starting...
2025-06-01T17:52:31.372+05:00  INFO 6476 --- [web-security-shield] [main] com.zaxxer.hikari.pool.HikariPool        : HikariPool-1 - Added connection conn0: url=jdbc:h2:mem:security_db user=SA
2025-06-01T17:52:31.375+05:00  INFO 6476 --- [web-security-shield] [main] com.zaxxer.hikari.HikariDataSource       : HikariPool-1 - Start completed.
2025-06-01T17:52:31.465+05:00  INFO 6476 --- [web-security-shield] [main] org.hibernate.orm.connections.pooling    : HHH10001005: Database info:
	Database JDBC URL [Connecting through datasource 'HikariDataSource (HikariPool-1)']
	Database driver: undefined/unknown
	Database version: 2.3.232
	Autocommit mode: undefined/unknown
	Isolation level: undefined/unknown
	Minimum pool size: undefined/unknown
	Maximum pool size: undefined/unknown
2025-06-01T17:52:33.280+05:00  INFO 6476 --- [web-security-shield] [main] o.h.e.t.j.p.i.JtaPlatformInitiator       : HHH000489: No JTA platform available (set 'hibernate.transaction.jta.platform' to enable JTA platform integration)
2025-06-01T17:52:33.395+05:00  INFO 6476 --- [web-security-shield] [main] j.LocalContainerEntityManagerFactoryBean : Initialized JPA EntityManagerFactory for persistence unit 'default'
2025-06-01T17:52:34.077+05:00  INFO 6476 --- [web-security-shield] [main] o.s.d.j.r.query.QueryEnhancerFactory     : Hibernate is in classpath; If applicable, HQL parser will be used.
2025-06-01T17:52:38.917+05:00  INFO 6476 --- [web-security-shield] [main] u.e.s.w.security.RateLimitFilter         : Rate Limit Filter ishga tushdi. Max requests/min: 10, Block duration: 5 min
2025-06-01T17:52:38.918+05:00  INFO 6476 --- [web-security-shield] [main] u.e.s.w.security.SQLInjectionFilter      : SQL Injection Protection Filter ishga tushdi. Enabled: true, Strict Mode: false
2025-06-01T17:52:38.918+05:00  INFO 6476 --- [web-security-shield] [main] u.e.s.w.security.XSSProtectionFilter     : XSS Protection Filter ishga tushdi. Enabled: true, Block Mode: true
2025-06-01T17:52:39.189+05:00  WARN 6476 --- [web-security-shield] [main] JpaBaseConfiguration$JpaWebConfiguration : spring.jpa.open-in-view is enabled by default. Therefore, database queries may be performed during view rendering. Explicitly configure spring.jpa.open-in-view to disable this warning
2025-06-01T17:52:39.632+05:00  INFO 6476 --- [web-security-shield] [main] o.s.b.a.e.web.EndpointLinksResolver      : Exposing 1 endpoint beneath base path '/actuator'
2025-06-01T17:52:39.696+05:00  WARN 6476 --- [web-security-shield] [main] .s.s.UserDetailsServiceAutoConfiguration : 

Using generated security password: 0ae429c7-e3f5-4094-975c-35a4349331cb

This generated password is for development use only. Your security configuration must be updated before running your application in production.

2025-06-01T17:52:39.710+05:00  INFO 6476 --- [web-security-shield] [main] r$InitializeUserDetailsManagerConfigurer : Global AuthenticationManager configured with UserDetailsService bean with name inMemoryUserDetailsManager
2025-06-01T17:52:40.705+05:00  INFO 6476 --- [web-security-shield] [main] o.s.b.a.h2.H2ConsoleAutoConfiguration    : H2 console available at '/h2-console'. Database available at 'jdbc:h2:mem:security_db'
2025-06-01T17:52:40.844+05:00  INFO 6476 --- [web-security-shield] [main] o.s.b.w.embedded.tomcat.TomcatWebServer  : Tomcat started on port 8080 (http) with context path '/'
2025-06-01T17:52:40.877+05:00  INFO 6476 --- [web-security-shield] [main] u.e.s.w.WebSecurityShieldApplication     : Started WebSecurityShieldApplication in 14.677 seconds (process running for 15.881)
2025-06-01T17:52:40.892+05:00  INFO 6476 --- [web-security-shield] [main] u.e.s.w.config.DataInitializer           : 🚀 DataInitializer ishga tushdi!
2025-06-01T17:52:40.892+05:00  INFO 6476 --- [web-security-shield] [main] u.e.s.w.config.DataInitializer           : 🚀 Ma'lumotlar bazasini boshlang'ich ma'lumotlar bilan to'ldirish...
2025-06-01T17:52:40.892+05:00  INFO 6476 --- [web-security-shield] [main] u.e.s.w.config.DataInitializer           : 📊 Repositories tekshirish:
2025-06-01T17:52:40.892+05:00  INFO 6476 --- [web-security-shield] [main] u.e.s.w.config.DataInitializer           :   - UserRepository: OK
2025-06-01T17:52:40.893+05:00  INFO 6476 --- [web-security-shield] [main] u.e.s.w.config.DataInitializer           :   - SecurityLogRepository: OK
2025-06-01T17:52:40.893+05:00  INFO 6476 --- [web-security-shield] [main] u.e.s.w.config.DataInitializer           :   - BlockedIPRepository: OK
2025-06-01T17:52:40.893+05:00  INFO 6476 --- [web-security-shield] [main] u.e.s.w.config.DataInitializer           :   - PasswordEncoder: OK
2025-06-01T17:52:41.041+05:00  INFO 6476 --- [web-security-shield] [main] u.e.s.w.config.DataInitializer           : 📊 Mavjud foydalanuvchilar soni: 0
2025-06-01T17:52:41.042+05:00  INFO 6476 --- [web-security-shield] [main] u.e.s.w.config.DataInitializer           : 👤 Test foydalanuvchilarini yaratish...
2025-06-01T17:52:41.107+05:00  INFO 6476 --- [web-security-shield] [main] u.e.s.w.config.DataInitializer           : 🔍 Admin mavjudmi: false
2025-06-01T17:52:41.783+05:00  INFO 6476 --- [web-security-shield] [main] u.e.s.w.config.DataInitializer           : ✅ Admin foydalanuvchisi yaratildi: admin / admin123 (ID: 1)
2025-06-01T17:52:41.786+05:00  INFO 6476 --- [web-security-shield] [main] u.e.s.w.config.DataInitializer           : 🔍 Test user mavjudmi: false
2025-06-01T17:52:42.370+05:00  INFO 6476 --- [web-security-shield] [main] u.e.s.w.config.DataInitializer           : ✅ Test foydalanuvchisi yaratildi: test / test123 (ID: 2)
2025-06-01T17:52:42.373+05:00  INFO 6476 --- [web-security-shield] [main] u.e.s.w.config.DataInitializer           : 📊 Jami foydalanuvchilar soni: 2
2025-06-01T17:52:42.398+05:00  INFO 6476 --- [web-security-shield] [main] u.e.s.w.config.DataInitializer           : 👤 Foydalanuvchi: admin (admin@security.uz)
2025-06-01T17:52:42.398+05:00  INFO 6476 --- [web-security-shield] [main] u.e.s.w.config.DataInitializer           : 👤 Foydalanuvchi: test (test@security.uz)
2025-06-01T17:52:42.398+05:00  INFO 6476 --- [web-security-shield] [main] u.e.s.w.config.DataInitializer           : 📋 Namuna xavfsizlik loglarini yaratish...
2025-06-01T17:52:42.409+05:00  INFO 6476 --- [web-security-shield] [main] u.e.s.w.config.DataInitializer           : ✅ 2 ta namuna xavfsizlik logi yaratildi
2025-06-01T17:52:42.409+05:00  INFO 6476 --- [web-security-shield] [main] u.e.s.w.config.DataInitializer           : 🚫 Namuna bloklangan IP larni yaratish...
2025-06-01T17:52:42.416+05:00  INFO 6476 --- [web-security-shield] [main] u.e.s.w.config.DataInitializer           : ✅ 1 ta namuna bloklangan IP yaratildi
2025-06-01T17:52:42.416+05:00  INFO 6476 --- [web-security-shield] [main] u.e.s.w.config.DataInitializer           : ✅ Test ma'lumotlari muvaffaqiyatli yaratildi!
2025-06-01T17:52:42.417+05:00  INFO 6476 --- [web-security-shield] [main] u.e.s.w.config.DataInitializer           : 
2025-06-01T17:52:42.417+05:00  INFO 6476 --- [web-security-shield] [main] u.e.s.w.config.DataInitializer           : 🔐 LOGIN MA'LUMOTLARI:
2025-06-01T17:52:42.417+05:00  INFO 6476 --- [web-security-shield] [main] u.e.s.w.config.DataInitializer           : =================================
2025-06-01T17:52:42.417+05:00  INFO 6476 --- [web-security-shield] [main] u.e.s.w.config.DataInitializer           : URL: http://localhost:8080
2025-06-01T17:52:42.417+05:00  INFO 6476 --- [web-security-shield] [main] u.e.s.w.config.DataInitializer           : 
2025-06-01T17:52:42.417+05:00  INFO 6476 --- [web-security-shield] [main] u.e.s.w.config.DataInitializer           : Admin foydalanuvchi:
2025-06-01T17:52:42.417+05:00  INFO 6476 --- [web-security-shield] [main] u.e.s.w.config.DataInitializer           :   Username: admin
2025-06-01T17:52:42.417+05:00  INFO 6476 --- [web-security-shield] [main] u.e.s.w.config.DataInitializer           :   Password: admin123
2025-06-01T17:52:42.418+05:00  INFO 6476 --- [web-security-shield] [main] u.e.s.w.config.DataInitializer           : 
2025-06-01T17:52:42.418+05:00  INFO 6476 --- [web-security-shield] [main] u.e.s.w.config.DataInitializer           : Test foydalanuvchi:
2025-06-01T17:52:42.418+05:00  INFO 6476 --- [web-security-shield] [main] u.e.s.w.config.DataInitializer           :   Username: test
2025-06-01T17:52:42.418+05:00  INFO 6476 --- [web-security-shield] [main] u.e.s.w.config.DataInitializer           :   Password: test123
2025-06-01T17:52:42.418+05:00  INFO 6476 --- [web-security-shield] [main] u.e.s.w.config.DataInitializer           : 
2025-06-01T17:52:42.418+05:00  INFO 6476 --- [web-security-shield] [main] u.e.s.w.config.DataInitializer           : H2 Database Console:
2025-06-01T17:52:42.418+05:00  INFO 6476 --- [web-security-shield] [main] u.e.s.w.config.DataInitializer           :   URL: http://localhost:8080/h2-console
2025-06-01T17:52:42.418+05:00  INFO 6476 --- [web-security-shield] [main] u.e.s.w.config.DataInitializer           :   JDBC URL: jdbc:h2:mem:security_db
2025-06-01T17:52:42.418+05:00  INFO 6476 --- [web-security-shield] [main] u.e.s.w.config.DataInitializer           :   Username: sa
2025-06-01T17:52:42.418+05:00  INFO 6476 --- [web-security-shield] [main] u.e.s.w.config.DataInitializer           :   Password: (bo'sh)
2025-06-01T17:52:42.418+05:00  INFO 6476 --- [web-security-shield] [main] u.e.s.w.config.DataInitializer           : =================================
2025-06-01T17:52:42.419+05:00  INFO 6476 --- [web-security-shield] [main] u.e.s.w.config.DataInitializer           : 
2025-06-01T17:52:42.419+05:00  INFO 6476 --- [web-security-shield] [main] u.e.s.w.config.DataInitializer           : 🔧 DEBUG MA'LUMOTLARI:
2025-06-01T17:52:42.420+05:00  INFO 6476 --- [web-security-shield] [main] u.e.s.w.config.DataInitializer           :   - Jami users: 2
2025-06-01T17:52:42.422+05:00  INFO 6476 --- [web-security-shield] [main] u.e.s.w.config.DataInitializer           :   - Jami logs: 2
2025-06-01T17:52:42.424+05:00  INFO 6476 --- [web-security-shield] [main] u.e.s.w.config.DataInitializer           :   - Jami blocked IPs: 1
2025-06-01T17:52:42.424+05:00  INFO 6476 --- [web-security-shield] [main] u.e.s.w.config.DataInitializer           : =================================
2025-06-01T17:52:43.173+05:00  INFO 6476 --- [web-security-shield] [RMI TCP Connection(2)-169.254.210.141] o.a.c.c.C.[Tomcat].[localhost].[/]       : Initializing Spring DispatcherServlet 'dispatcherServlet'
2025-06-01T17:52:43.174+05:00  INFO 6476 --- [web-security-shield] [RMI TCP Connection(2)-169.254.210.141] o.s.web.servlet.DispatcherServlet        : Initializing Servlet 'dispatcherServlet'
2025-06-01T17:52:43.178+05:00  INFO 6476 --- [web-security-shield] [RMI TCP Connection(2)-169.254.210.141] o.s.web.servlet.DispatcherServlet        : Completed initialization in 3 ms
2025-06-01T17:55:03.460+05:00  INFO 6476 --- [web-security-shield] [SpringApplicationShutdownHook] o.s.b.w.e.tomcat.GracefulShutdown        : Commencing graceful shutdown. Waiting for active requests to complete
2025-06-01T17:55:04.053+05:00  INFO 6476 --- [web-security-shield] [tomcat-shutdown] o.s.b.w.e.tomcat.GracefulShutdown        : Graceful shutdown complete
2025-06-01T17:55:04.068+05:00  INFO 6476 --- [web-security-shield] [SpringApplicationShutdownHook] j.LocalContainerEntityManagerFactoryBean : Closing JPA EntityManagerFactory for persistence unit 'default'
2025-06-01T17:55:04.079+05:00  INFO 6476 --- [web-security-shield] [SpringApplicationShutdownHook] com.zaxxer.hikari.HikariDataSource       : HikariPool-1 - Shutdown initiated...
2025-06-01T17:55:04.083+05:00  INFO 6476 --- [web-security-shield] [SpringApplicationShutdownHook] com.zaxxer.hikari.HikariDataSource       : HikariPool-1 - Shutdown completed.
2025-06-01T17:55:04.087+05:00  INFO 6476 --- [web-security-shield] [SpringApplicationShutdownHook] u.e.s.w.security.RateLimitFilter         : Rate Limit Filter to'xtatildi
2025-06-01T17:55:04.088+05:00  INFO 6476 --- [web-security-shield] [SpringApplicationShutdownHook] u.e.s.w.security.SQLInjectionFilter      : SQL Injection Protection Filter to'xtatildi
2025-06-01T17:55:04.088+05:00  INFO 6476 --- [web-security-shield] [SpringApplicationShutdownHook] u.e.s.w.security.XSSProtectionFilter     : XSS Protection Filter to'xtatildi
2025-06-01T17:58:36.341+05:00  INFO 10732 --- [web-security-shield] [main] u.e.s.w.WebSecurityShieldApplication     : Starting WebSecurityShieldApplication using Java 20.0.1 with PID 10732 (D:\Sambhram\web-security-shield\build\classes\java\main started by Shohruh in D:\Sambhram\web-security-shield)
2025-06-01T17:58:36.343+05:00 DEBUG 10732 --- [web-security-shield] [main] u.e.s.w.WebSecurityShieldApplication     : Running with Spring Boot v3.5.0, Spring v6.2.7
2025-06-01T17:58:36.345+05:00  INFO 10732 --- [web-security-shield] [main] u.e.s.w.WebSecurityShieldApplication     : No active profile set, falling back to 1 default profile: "default"
2025-06-01T17:58:38.041+05:00  INFO 10732 --- [web-security-shield] [main] .s.d.r.c.RepositoryConfigurationDelegate : Multiple Spring Data modules found, entering strict repository configuration mode
2025-06-01T17:58:38.043+05:00  INFO 10732 --- [web-security-shield] [main] .s.d.r.c.RepositoryConfigurationDelegate : Bootstrapping Spring Data JDBC repositories in DEFAULT mode.
2025-06-01T17:58:38.096+05:00  INFO 10732 --- [web-security-shield] [main] .RepositoryConfigurationExtensionSupport : Spring Data JDBC - Could not safely identify store assignment for repository candidate interface uz.edu.security.websecurityshield.repository.BlockedIPRepository; If you want this repository to be a JDBC repository, consider annotating your entities with one of these annotations: org.springframework.data.relational.core.mapping.Table.
2025-06-01T17:58:38.099+05:00  INFO 10732 --- [web-security-shield] [main] .RepositoryConfigurationExtensionSupport : Spring Data JDBC - Could not safely identify store assignment for repository candidate interface uz.edu.security.websecurityshield.repository.SecurityLogRepository; If you want this repository to be a JDBC repository, consider annotating your entities with one of these annotations: org.springframework.data.relational.core.mapping.Table.
2025-06-01T17:58:38.103+05:00  INFO 10732 --- [web-security-shield] [main] .RepositoryConfigurationExtensionSupport : Spring Data JDBC - Could not safely identify store assignment for repository candidate interface uz.edu.security.websecurityshield.repository.UserRepository; If you want this repository to be a JDBC repository, consider annotating your entities with one of these annotations: org.springframework.data.relational.core.mapping.Table.
2025-06-01T17:58:38.105+05:00  INFO 10732 --- [web-security-shield] [main] .s.d.r.c.RepositoryConfigurationDelegate : Finished Spring Data repository scanning in 51 ms. Found 0 JDBC repository interfaces.
2025-06-01T17:58:38.121+05:00  INFO 10732 --- [web-security-shield] [main] .s.d.r.c.RepositoryConfigurationDelegate : Multiple Spring Data modules found, entering strict repository configuration mode
2025-06-01T17:58:38.122+05:00  INFO 10732 --- [web-security-shield] [main] .s.d.r.c.RepositoryConfigurationDelegate : Bootstrapping Spring Data JPA repositories in DEFAULT mode.
2025-06-01T17:58:38.181+05:00  INFO 10732 --- [web-security-shield] [main] .s.d.r.c.RepositoryConfigurationDelegate : Finished Spring Data repository scanning in 50 ms. Found 3 JPA repository interfaces.
2025-06-01T17:58:39.106+05:00  INFO 10732 --- [web-security-shield] [main] o.s.b.w.embedded.tomcat.TomcatWebServer  : Tomcat initialized with port 8080 (http)
2025-06-01T17:58:39.127+05:00  INFO 10732 --- [web-security-shield] [main] o.apache.catalina.core.StandardService   : Starting service [Tomcat]
2025-06-01T17:58:39.127+05:00  INFO 10732 --- [web-security-shield] [main] o.apache.catalina.core.StandardEngine    : Starting Servlet engine: [Apache Tomcat/10.1.41]
2025-06-01T17:58:39.215+05:00  INFO 10732 --- [web-security-shield] [main] o.a.c.c.C.[Tomcat].[localhost].[/]       : Initializing Spring embedded WebApplicationContext
2025-06-01T17:58:39.215+05:00  INFO 10732 --- [web-security-shield] [main] w.s.c.ServletWebServerApplicationContext : Root WebApplicationContext: initialization completed in 2798 ms
2025-06-01T17:58:39.610+05:00  INFO 10732 --- [web-security-shield] [main] o.hibernate.jpa.internal.util.LogHelper  : HHH000204: Processing PersistenceUnitInfo [name: default]
2025-06-01T17:58:39.696+05:00  INFO 10732 --- [web-security-shield] [main] org.hibernate.Version                    : HHH000412: Hibernate ORM core version 6.6.15.Final
2025-06-01T17:58:39.749+05:00  INFO 10732 --- [web-security-shield] [main] o.h.c.internal.RegionFactoryInitiator    : HHH000026: Second-level cache disabled
2025-06-01T17:58:40.230+05:00  INFO 10732 --- [web-security-shield] [main] o.s.o.j.p.SpringPersistenceUnitInfo      : No LoadTimeWeaver setup: ignoring JPA class transformer
2025-06-01T17:58:40.287+05:00  INFO 10732 --- [web-security-shield] [main] com.zaxxer.hikari.HikariDataSource       : HikariPool-1 - Starting...
2025-06-01T17:58:40.603+05:00  INFO 10732 --- [web-security-shield] [main] com.zaxxer.hikari.pool.HikariPool        : HikariPool-1 - Added connection conn0: url=jdbc:h2:mem:security_db user=SA
2025-06-01T17:58:40.606+05:00  INFO 10732 --- [web-security-shield] [main] com.zaxxer.hikari.HikariDataSource       : HikariPool-1 - Start completed.
2025-06-01T17:58:40.709+05:00  INFO 10732 --- [web-security-shield] [main] org.hibernate.orm.connections.pooling    : HHH10001005: Database info:
	Database JDBC URL [Connecting through datasource 'HikariDataSource (HikariPool-1)']
	Database driver: undefined/unknown
	Database version: 2.3.232
	Autocommit mode: undefined/unknown
	Isolation level: undefined/unknown
	Minimum pool size: undefined/unknown
	Maximum pool size: undefined/unknown
2025-06-01T17:58:42.196+05:00  INFO 10732 --- [web-security-shield] [main] o.h.e.t.j.p.i.JtaPlatformInitiator       : HHH000489: No JTA platform available (set 'hibernate.transaction.jta.platform' to enable JTA platform integration)
2025-06-01T17:58:42.263+05:00  INFO 10732 --- [web-security-shield] [main] j.LocalContainerEntityManagerFactoryBean : Initialized JPA EntityManagerFactory for persistence unit 'default'
2025-06-01T17:58:42.711+05:00  INFO 10732 --- [web-security-shield] [main] o.s.d.j.r.query.QueryEnhancerFactory     : Hibernate is in classpath; If applicable, HQL parser will be used.
2025-06-01T17:58:46.815+05:00  INFO 10732 --- [web-security-shield] [main] u.e.s.w.security.RateLimitFilter         : Rate Limit Filter ishga tushdi. Max requests/min: 10, Block duration: 5 min
2025-06-01T17:58:46.815+05:00  INFO 10732 --- [web-security-shield] [main] u.e.s.w.security.SQLInjectionFilter      : SQL Injection Protection Filter ishga tushdi. Enabled: true, Strict Mode: false
2025-06-01T17:58:46.816+05:00  INFO 10732 --- [web-security-shield] [main] u.e.s.w.security.XSSProtectionFilter     : XSS Protection Filter ishga tushdi. Enabled: true, Block Mode: true
2025-06-01T17:58:47.037+05:00  WARN 10732 --- [web-security-shield] [main] JpaBaseConfiguration$JpaWebConfiguration : spring.jpa.open-in-view is enabled by default. Therefore, database queries may be performed during view rendering. Explicitly configure spring.jpa.open-in-view to disable this warning
2025-06-01T17:58:47.452+05:00  INFO 10732 --- [web-security-shield] [main] o.s.b.a.e.web.EndpointLinksResolver      : Exposing 1 endpoint beneath base path '/actuator'
2025-06-01T17:58:47.515+05:00  WARN 10732 --- [web-security-shield] [main] .s.s.UserDetailsServiceAutoConfiguration : 

Using generated security password: 19598ecc-5151-4b02-90f3-ce6e528b2e5f

This generated password is for development use only. Your security configuration must be updated before running your application in production.

2025-06-01T17:58:47.529+05:00  INFO 10732 --- [web-security-shield] [main] r$InitializeUserDetailsManagerConfigurer : Global AuthenticationManager configured with UserDetailsService bean with name inMemoryUserDetailsManager
2025-06-01T17:58:48.461+05:00  INFO 10732 --- [web-security-shield] [main] o.s.b.a.h2.H2ConsoleAutoConfiguration    : H2 console available at '/h2-console'. Database available at 'jdbc:h2:mem:security_db'
2025-06-01T17:58:48.594+05:00  INFO 10732 --- [web-security-shield] [main] o.s.b.w.embedded.tomcat.TomcatWebServer  : Tomcat started on port 8080 (http) with context path '/'
2025-06-01T17:58:48.627+05:00  INFO 10732 --- [web-security-shield] [main] u.e.s.w.WebSecurityShieldApplication     : Started WebSecurityShieldApplication in 13.163 seconds (process running for 14.236)
2025-06-01T17:58:48.640+05:00  INFO 10732 --- [web-security-shield] [main] u.e.s.w.config.DataInitializer           : 🚀 DataInitializer ishga tushdi!
2025-06-01T17:58:48.641+05:00  INFO 10732 --- [web-security-shield] [main] u.e.s.w.config.DataInitializer           : 🚀 Ma'lumotlar bazasini boshlang'ich ma'lumotlar bilan to'ldirish...
2025-06-01T17:58:48.641+05:00  INFO 10732 --- [web-security-shield] [main] u.e.s.w.config.DataInitializer           : 📊 Repositories tekshirish:
2025-06-01T17:58:48.641+05:00  INFO 10732 --- [web-security-shield] [main] u.e.s.w.config.DataInitializer           :   - UserRepository: OK
2025-06-01T17:58:48.642+05:00  INFO 10732 --- [web-security-shield] [main] u.e.s.w.config.DataInitializer           :   - SecurityLogRepository: OK
2025-06-01T17:58:48.642+05:00  INFO 10732 --- [web-security-shield] [main] u.e.s.w.config.DataInitializer           :   - BlockedIPRepository: OK
2025-06-01T17:58:48.642+05:00  INFO 10732 --- [web-security-shield] [main] u.e.s.w.config.DataInitializer           :   - PasswordEncoder: OK
2025-06-01T17:58:48.760+05:00  INFO 10732 --- [web-security-shield] [main] u.e.s.w.config.DataInitializer           : 📊 Mavjud foydalanuvchilar soni: 0
2025-06-01T17:58:48.760+05:00  INFO 10732 --- [web-security-shield] [main] u.e.s.w.config.DataInitializer           : 👤 Test foydalanuvchilarini yaratish...
2025-06-01T17:58:48.822+05:00  INFO 10732 --- [web-security-shield] [main] u.e.s.w.config.DataInitializer           : 🔍 Admin mavjudmi: false
2025-06-01T17:58:49.485+05:00  INFO 10732 --- [web-security-shield] [main] u.e.s.w.config.DataInitializer           : ✅ Admin foydalanuvchisi yaratildi: admin / admin123 (ID: 1)
2025-06-01T17:58:49.488+05:00  INFO 10732 --- [web-security-shield] [main] u.e.s.w.config.DataInitializer           : 🔍 Test user mavjudmi: false
2025-06-01T17:58:50.062+05:00  INFO 10732 --- [web-security-shield] [main] u.e.s.w.config.DataInitializer           : ✅ Test foydalanuvchisi yaratildi: test / test123 (ID: 2)
2025-06-01T17:58:50.065+05:00  INFO 10732 --- [web-security-shield] [main] u.e.s.w.config.DataInitializer           : 📊 Jami foydalanuvchilar soni: 2
2025-06-01T17:58:50.088+05:00  INFO 10732 --- [web-security-shield] [main] u.e.s.w.config.DataInitializer           : 👤 Foydalanuvchi: admin (admin@security.uz)
2025-06-01T17:58:50.089+05:00  INFO 10732 --- [web-security-shield] [main] u.e.s.w.config.DataInitializer           : 👤 Foydalanuvchi: test (test@security.uz)
2025-06-01T17:58:50.089+05:00  INFO 10732 --- [web-security-shield] [main] u.e.s.w.config.DataInitializer           : 📋 Namuna xavfsizlik loglarini yaratish...
2025-06-01T17:58:50.098+05:00  INFO 10732 --- [web-security-shield] [main] u.e.s.w.config.DataInitializer           : ✅ 2 ta namuna xavfsizlik logi yaratildi
2025-06-01T17:58:50.099+05:00  INFO 10732 --- [web-security-shield] [main] u.e.s.w.config.DataInitializer           : 🚫 Namuna bloklangan IP larni yaratish...
2025-06-01T17:58:50.106+05:00  INFO 10732 --- [web-security-shield] [main] u.e.s.w.config.DataInitializer           : ✅ 1 ta namuna bloklangan IP yaratildi
2025-06-01T17:58:50.106+05:00  INFO 10732 --- [web-security-shield] [main] u.e.s.w.config.DataInitializer           : ✅ Test ma'lumotlari muvaffaqiyatli yaratildi!
2025-06-01T17:58:50.106+05:00  INFO 10732 --- [web-security-shield] [main] u.e.s.w.config.DataInitializer           : 
2025-06-01T17:58:50.107+05:00  INFO 10732 --- [web-security-shield] [main] u.e.s.w.config.DataInitializer           : 🔐 LOGIN MA'LUMOTLARI:
2025-06-01T17:58:50.107+05:00  INFO 10732 --- [web-security-shield] [main] u.e.s.w.config.DataInitializer           : =================================
2025-06-01T17:58:50.107+05:00  INFO 10732 --- [web-security-shield] [main] u.e.s.w.config.DataInitializer           : URL: http://localhost:8080
2025-06-01T17:58:50.107+05:00  INFO 10732 --- [web-security-shield] [main] u.e.s.w.config.DataInitializer           : 
2025-06-01T17:58:50.107+05:00  INFO 10732 --- [web-security-shield] [main] u.e.s.w.config.DataInitializer           : Admin foydalanuvchi:
2025-06-01T17:58:50.107+05:00  INFO 10732 --- [web-security-shield] [main] u.e.s.w.config.DataInitializer           :   Username: admin
2025-06-01T17:58:50.107+05:00  INFO 10732 --- [web-security-shield] [main] u.e.s.w.config.DataInitializer           :   Password: admin123
2025-06-01T17:58:50.107+05:00  INFO 10732 --- [web-security-shield] [main] u.e.s.w.config.DataInitializer           : 
2025-06-01T17:58:50.107+05:00  INFO 10732 --- [web-security-shield] [main] u.e.s.w.config.DataInitializer           : Test foydalanuvchi:
2025-06-01T17:58:50.108+05:00  INFO 10732 --- [web-security-shield] [main] u.e.s.w.config.DataInitializer           :   Username: test
2025-06-01T17:58:50.108+05:00  INFO 10732 --- [web-security-shield] [main] u.e.s.w.config.DataInitializer           :   Password: test123
2025-06-01T17:58:50.108+05:00  INFO 10732 --- [web-security-shield] [main] u.e.s.w.config.DataInitializer           : 
2025-06-01T17:58:50.108+05:00  INFO 10732 --- [web-security-shield] [main] u.e.s.w.config.DataInitializer           : H2 Database Console:
2025-06-01T17:58:50.108+05:00  INFO 10732 --- [web-security-shield] [main] u.e.s.w.config.DataInitializer           :   URL: http://localhost:8080/h2-console
2025-06-01T17:58:50.108+05:00  INFO 10732 --- [web-security-shield] [main] u.e.s.w.config.DataInitializer           :   JDBC URL: jdbc:h2:mem:security_db
2025-06-01T17:58:50.108+05:00  INFO 10732 --- [web-security-shield] [main] u.e.s.w.config.DataInitializer           :   Username: sa
2025-06-01T17:58:50.108+05:00  INFO 10732 --- [web-security-shield] [main] u.e.s.w.config.DataInitializer           :   Password: (bo'sh)
2025-06-01T17:58:50.108+05:00  INFO 10732 --- [web-security-shield] [main] u.e.s.w.config.DataInitializer           : =================================
2025-06-01T17:58:50.108+05:00  INFO 10732 --- [web-security-shield] [main] u.e.s.w.config.DataInitializer           : 
2025-06-01T17:58:50.109+05:00  INFO 10732 --- [web-security-shield] [main] u.e.s.w.config.DataInitializer           : 🔧 DEBUG MA'LUMOTLARI:
2025-06-01T17:58:50.110+05:00  INFO 10732 --- [web-security-shield] [main] u.e.s.w.config.DataInitializer           :   - Jami users: 2
2025-06-01T17:58:50.111+05:00  INFO 10732 --- [web-security-shield] [main] u.e.s.w.config.DataInitializer           :   - Jami logs: 2
2025-06-01T17:58:50.113+05:00  INFO 10732 --- [web-security-shield] [main] u.e.s.w.config.DataInitializer           :   - Jami blocked IPs: 1
2025-06-01T17:58:50.113+05:00  INFO 10732 --- [web-security-shield] [main] u.e.s.w.config.DataInitializer           : =================================
2025-06-01T17:58:51.347+05:00  INFO 10732 --- [web-security-shield] [RMI TCP Connection(3)-169.254.210.141] o.a.c.c.C.[Tomcat].[localhost].[/]       : Initializing Spring DispatcherServlet 'dispatcherServlet'
2025-06-01T17:58:51.347+05:00  INFO 10732 --- [web-security-shield] [RMI TCP Connection(3)-169.254.210.141] o.s.web.servlet.DispatcherServlet        : Initializing Servlet 'dispatcherServlet'
2025-06-01T17:58:51.364+05:00  INFO 10732 --- [web-security-shield] [RMI TCP Connection(3)-169.254.210.141] o.s.web.servlet.DispatcherServlet        : Completed initialization in 16 ms
2025-06-01T17:58:59.564+05:00  INFO 10732 --- [web-security-shield] [http-nio-8080-exec-1] u.e.s.w.controller.AuthController        : 🏠 Home: Login sahifasiga yo'naltirildi
2025-06-01T17:58:59.611+05:00  INFO 10732 --- [web-security-shield] [http-nio-8080-exec-2] u.e.s.w.controller.AuthController        : 🎯 Login sahifasi so'raldi. Error: null, Logout: null
2025-06-01T17:59:07.681+05:00  INFO 10732 --- [web-security-shield] [http-nio-8080-exec-4] u.e.s.w.controller.AuthController        : 🎯 Login sahifasi so'raldi. Error: true, Logout: null
2025-06-01T17:59:07.681+05:00  WARN 10732 --- [web-security-shield] [http-nio-8080-exec-4] u.e.s.w.controller.AuthController        : ❌ Login sahifasida error ko'rsatildi
2025-06-01T17:59:20.823+05:00  INFO 10732 --- [web-security-shield] [http-nio-8080-exec-6] u.e.s.w.controller.AuthController        : 🎯 Login sahifasi so'raldi. Error: true, Logout: null
2025-06-01T17:59:20.824+05:00  WARN 10732 --- [web-security-shield] [http-nio-8080-exec-6] u.e.s.w.controller.AuthController        : ❌ Login sahifasida error ko'rsatildi
